[backblue.gif]
[fade.gif]
[index.html]
[library.queensu.ca/virtual-exhibits/stereoscopic/index.html]
[library.queensu.ca/virtual-exhibits/stereoscopic/about/index.html]
[library.queensu.ca/virtual-exhibits/stereoscopic/about-stereocards/index.html]
[library.queensu.ca/virtual-exhibits/stereoscopic/annotated-bibliography/index.html]
[maxcdn.bootstrapcdn.com/bootstrap/3.3.1/js/bootstrap.min0235.js]
[library.queensu.ca/virtual-exhibits/stereoscopic/full-moon/index.html]
[library.queensu.ca/virtual-exhibits/stereoscopic/fine-day-sir-and-welcome-1902/index.html]
[library.queensu.ca/virtual-exhibits/stereoscopic/along-the-noted-bowery-new-york-u-s-a-1896/index.html]
[library.queensu.ca/virtual-exhibits/stereoscopic/the-johnstown-calamity-1889/index.html]
[library.queensu.ca/virtual-exhibits/stereoscopic/victims-of-the-khodinsky-plain-panic-1897/index.html]
[library.queensu.ca/virtual-exhibits/stereoscopic/at-the-belgian-front-1916/index.html]
[library.queensu.ca/virtual-exhibits/stereoscopic/guestbook/index.html]
[library.queensu.ca/virtual-exhibits/stereoscopic/acknowledgments/index.html]
[library.queensu.ca/virtual-exhibits/stereoscopic/gallery/index.html]
[ajax.googleapis.com/ajax/libs/jqueryui/1.10.3/themes/flick/jquery-ui0235.css]
[ajax.googleapis.com/ajax/libs/jqueryui/1.10.3/themes/flick/images/ui-bg_highlight-soft_50_dddddd_1x100.png]
[ajax.googleapis.com/ajax/libs/jqueryui/1.10.3/themes/flick/images/ui-bg_flat_75_ffffff_40x100.png]
[ajax.googleapis.com/ajax/libs/jqueryui/1.10.3/themes/flick/images/animated-overlay.gif]
[cdnjs.cloudflare.com/ajax/libs/font-awesome/3.2.1/css/font-awesome.min.css]
[www.googletagmanager.com/gtm5445.html]
[ajax.googleapis.com/ajax/libs/jqueryui/1.10.3/themes/flick/images/ui-bg_highlight-soft_100_f6f6f6_1x100.png]
[ajax.googleapis.com/ajax/libs/jqueryui/1.10.3/themes/flick/images/ui-bg_glass_65_ffffff_1x400.png]
[ajax.googleapis.com/ajax/libs/jqueryui/1.10.3/themes/flick/images/ui-bg_highlight-soft_25_0073ea_1x100.png]
[ajax.googleapis.com/ajax/libs/jqueryui/1.10.3/themes/flick/images/ui-bg_flat_55_ffffff_40x100.png]
[ajax.googleapis.com/ajax/libs/jqueryui/1.10.3/themes/flick/images/ui-icons_ff0084_256x240.png]
[ajax.googleapis.com/ajax/libs/jqueryui/1.10.3/themes/flick/images/ui-icons_0073ea_256x240.png]
[ajax.googleapis.com/ajax/libs/jqueryui/1.10.3/themes/flick/images/ui-icons_666666_256x240.png]
[ajax.googleapis.com/ajax/libs/jqueryui/1.10.3/themes/flick/images/ui-icons_ffffff_256x240.png]
[ajax.googleapis.com/ajax/libs/jqueryui/1.10.3/themes/flick/images/ui-icons_454545_256x240.png]
[ajax.googleapis.com/ajax/libs/jqueryui/1.10.3/themes/flick/images/ui-bg_flat_0_eeeeee_40x100.png]
[ajax.googleapis.com/ajax/libs/jqueryui/1.10.3/themes/flick/images/ui-bg_flat_0_aaaaaa_40x100.png]
[licensebuttons.net/l/by-nc-sa/4.0/88x31.png]
